Usuario: 17. 
 Método: GET. 
 URL: /api/students. 
 Fecha: Mon Mar 09 2020 11:01:10 GMT+0100 (hora estándar de Europa central). 
Usuario: 17. 
 Método: GET. 
 URL: /api/students. 
 Fecha: Mon Mar 09 2020 11:01:11 GMT+0100 (hora estándar de Europa central). 
Usuario: 17. 
 Método: GET. 
 URL: /api/students. 
 Fecha: Mon Mar 09 2020 11:01:12 GMT+0100 (hora estándar de Europa central). 
Usuario: 17. 
 Método: GET. 
 URL: /api/students. 
 Fecha: Mon Mar 09 2020 11:01:12 GMT+0100 (hora estándar de Europa central). 
Usuario: 19. 
 Método: GET. 
 URL: /api/students. 
 Fecha: Mon Mar 09 2020 14:23:04 GMT+0100 (hora estándar de Europa central). 
Usuario: 19. 
 Método: GET. 
 URL: /api/students. 
 Fecha: Mon Mar 09 2020 14:23:44 GMT+0100 (hora estándar de Europa central). 
Usuario: 19. 
 Método: GET. 
 URL: /api/students. 
 Fecha: Mon Mar 09 2020 15:11:55 GMT+0100 (hora estándar de Europa central). 
Usuario: 19. 
 Método: GET. 
 URL: /api/students. 
 Fecha: Mon Mar 09 2020 15:14:12 GMT+0100 (hora estándar de Europa central). 
Usuario: 19. 
 Método: GET. 
 URL: /api/students/21. 
 Fecha: Mon Mar 09 2020 15:14:15 GMT+0100 (hora estándar de Europa central). 
Usuario: 19. 
 Método: GET. 
 URL: /api/students. 
 Fecha: Mon Mar 09 2020 15:14:18 GMT+0100 (hora estándar de Europa central). 
Usuario: 19. 
 Método: GET. 
 URL: /api/students. 
 Fecha: Mon Mar 09 2020 15:14:48 GMT+0100 (hora estándar de Europa central). 
Usuario: 19. 
 Método: GET. 
 URL: /api/students/21. 
 Fecha: Mon Mar 09 2020 15:14:50 GMT+0100 (hora estándar de Europa central). 
Usuario: 19. 
 Método: GET. 
 URL: /api/students. 
 Fecha: Mon Mar 09 2020 15:14:52 GMT+0100 (hora estándar de Europa central). 
Usuario: 19. 
 Método: GET. 
 URL: /api/students. 
 Fecha: Mon Mar 09 2020 15:25:53 GMT+0100 (hora estándar de Europa central). 
